#
# There is insufficient memory for the Java Runtime Environment to continue.
# Native memory allocation (mmap) failed to map 268435456 bytes. Error detail: G1 virtual space
# Possible reasons:
#   The system is out of physical RAM or swap space
#   This process is running with CompressedOops enabled, and the Java Heap may be blocking the growth of the native heap
# Possible solutions:
#   Reduce memory load on the system
#   Increase physical memory or swap space
#   Check if swap backing store is full
#   Decrease Java heap size (-Xmx/-Xms)
#   Decrease number of Java threads
#   Decrease Java thread stack sizes (-Xss)
#   Set larger code cache with -XX:ReservedCodeCacheSize=
#   JVM is running with Zero Based Compressed Oops mode in which the Java heap is
#     placed in the first 32GB address space. The Java Heap base address is the
#     maximum limit for the native heap growth. Please use -XX:HeapBaseMinAddress
#     to set the Java Heap base and to place the Java Heap above 32GB virtual address.
# This output file may be truncated or incomplete.
#
#  Out of Memory Error (os_windows.cpp:3616), pid=428220, tid=318012
#
# JRE version:  (21.0.5+11) (build )
# Java VM: OpenJDK 64-Bit Server VM (21.0.5+11-LTS, mixed mode, sharing, tiered, compressed oops, compressed class ptrs, g1 gc, windows-amd64)
# No core dump will be written. Minidumps are not enabled by default on client versions of Windows
#

---------------  S U M M A R Y ------------

Command Line: -Dfile.encoding=UTF-8 -Duser.country=CN -Duser.language=zh -Duser.variant team.dove.rigidbody.JniSmokeTest

Host: Intel(R) Core(TM) i7-8750H CPU @ 2.20GHz, 12 cores, 15G,  Windows 10 , 64 bit Build 19041 (10.0.19041.5915)
Time: Fri Jun  5 23:42:36 2026  Windows 10 , 64 bit Build 19041 (10.0.19041.5915) elapsed time: 0.015126 seconds (0d 0h 0m 0s)

---------------  T H R E A D  ---------------

Current thread (0x0000025e5dc329b0):  JavaThread "Unknown thread" [_thread_in_vm, id=318012, stack(0x0000006635100000,0x0000006635200000) (1024K)]

Stack: [0x0000006635100000,0x0000006635200000]
Native frames: (J=compiled Java code, j=interpreted, Vv=VM code, C=native code)
V  [jvm.dll+0x6fa929]
V  [jvm.dll+0x8de25f]
V  [jvm.dll+0x8e0658]
V  [jvm.dll+0x8e0db3]
V  [jvm.dll+0x299766]
V  [jvm.dll+0x6f6f85]
V  [jvm.dll+0x6eb80a]
V  [jvm.dll+0x37496a]
V  [jvm.dll+0x37c676]
V  [jvm.dll+0x3d1025]
V  [jvm.dll+0x3d12e8]
V  [jvm.dll+0x3466e3]
V  [jvm.dll+0x34729b]
V  [jvm.dll+0x8a5711]
V  [jvm.dll+0x3de561]
V  [jvm.dll+0x88de73]
V  [jvm.dll+0x474aee]
V  [jvm.dll+0x4765b1]
C  [jli.dll+0x53a5]
C  [ucrtbase.dll+0x21bb2]
C  [KERNEL32.DLL+0x17374]
C  [ntdll.dll+0x4cc91]


---------------  P R O C E S S  ---------------

Threads class SMR info:
_java_thread_list=0x00007ff9c07f5148, length=0, elements={
}

Java Threads: ( => current thread )
Total: 0

Other Threads:
  0x0000025e5fdb8690 WorkerThread "GC Thread#0"                     [id=426492, stack(0x0000006635200000,0x0000006635300000) (1024K)]
  0x0000025e5fdca8e0 ConcurrentGCThread "G1 Main Marker"            [id=425504, stack(0x0000006635300000,0x0000006635400000) (1024K)]
  0x0000025e5fdcb5a0 WorkerThread "G1 Conc#0"                       [id=428828, stack(0x0000006635400000,0x0000006635500000) (1024K)]

[error occurred during error reporting (printing all threads), id 0xc0000005, EXCEPTION_ACCESS_VIOLATION (0xc0000005) at pc=0x00007ff9bfeca297]
VM state: not at safepoint (not fully initialized)

VM Mutex/Monitor currently owned by a thread:  ([mutex/lock_event])
[0x00007ff9c0869ca0] Heap_lock - owner thread: 0x0000025e5dc329b0

Heap address: 0x0000000701a00000, size: 4070 MB, Compressed Oops mode: Zero based, Oop shift amount: 3

CDS archive(s) mapped at: [0x0000000000000000-0x0000000000000000-0x0000000000000000), size 0, SharedBaseAddress: 0x0000000800000000, ArchiveRelocationMode: 1.
Narrow klass base: 0x0000000000000000, Narrow klass shift: 0, Narrow klass range: 0x0

GC Precious Log:
 CardTable entry size: 512
 Card Set container configuration: InlinePtr #cards 4 size 8 Array Of Cards #cards 16 size 48 Howl #buckets 8 coarsen threshold 3686 Howl Bitmap #cards 512 size 80 coarsen threshold 460 Card regions per heap region 1 cards per card region 4096

Heap:
 garbage-first heap   total 0K, used 0K [0x0000000701a00000, 0x0000000800000000)
  region size 2048K, 0 young (0K), 0 survivors (0K)

[error occurred during error reporting (printing heap information), id 0xc0000005, EXCEPTION_ACCESS_VIOLATION (0xc0000005) at pc=0x00007ff9c02c6f89]
GC Heap History (0 events):
No events

Dll operation events (1 events):
Event: 0.008 Loaded shared library C:\Users\Administrator\.jdks\azul-21.0.5\bin\java.dll

Deoptimization events (0 events):
No events

Classes loaded (0 events):
No events

Classes unloaded (0 events):
No events

Classes redefined (0 events):
No events

Internal exceptions (0 events):
No events

ZGC Phase Switch (0 events):
No events

VM Operations (0 events):
No events

Memory protections (0 events):
No events

Nmethod flushes (0 events):
No events

Events (0 events):
No events


Dynamic libraries:
0x00007ff6eb940000 - 0x00007ff6eb94e000 	C:\Users\Administrator\.jdks\azul-21.0.5\bin\java.exe
0x00007ffa9d290000 - 0x00007ffa9d488000 	C:\Windows\SYSTEM32\ntdll.dll
0x00007ffa9b2b0000 - 0x00007ffa9b372000 	C:\Windows\System32\KERNEL32.DLL
0x00007ffa9a950000 - 0x00007ffa9ac46000 	C:\Windows\System32\KERNELBASE.dll
0x00007ffa9b0c0000 - 0x00007ffa9b1c0000 	C:\Windows\System32\ucrtbase.dll
0x00007ffa79b60000 - 0x00007ffa79b79000 	C:\Users\Administrator\.jdks\azul-21.0.5\bin\jli.dll
0x00007ffa79ba0000 - 0x00007ffa79bbb000 	C:\Users\Administrator\.jdks\azul-21.0.5\bin\VCRUNTIME140.dll
0x00007ffa9c6a0000 - 0x00007ffa9c841000 	C:\Windows\System32\USER32.dll
0x00007ffa9ace0000 - 0x00007ffa9ad02000 	C:\Windows\System32\win32u.dll
0x00007ffa83190000 - 0x00007ffa8342b000 	C:\Windows\WinSxS\amd64_microsoft.windows.common-controls_6595b64144ccf1df_6.0.19041.6456_none_60b8a6cb71f64256\COMCTL32.dll
0x00007ffa9b410000 - 0x00007ffa9b43b000 	C:\Windows\System32\GDI32.dll
0x00007ffa9c4b0000 - 0x00007ffa9c54e000 	C:\Windows\System32\msvcrt.dll
0x00007ffa9ad10000 - 0x00007ffa9ae29000 	C:\Windows\System32\gdi32full.dll
0x00007ffa9b1c0000 - 0x00007ffa9b25d000 	C:\Windows\System32\msvcp_win.dll
0x00007ffa9c5c0000 - 0x00007ffa9c5ef000 	C:\Windows\System32\IMM32.DLL
0x00007ffa79be0000 - 0x00007ffa79bec000 	C:\Users\Administrator\.jdks\azul-21.0.5\bin\vcruntime140_1.dll
0x00007ffa5e2a0000 - 0x00007ffa5e32e000 	C:\Users\Administrator\.jdks\azul-21.0.5\bin\msvcp140.dll
0x00007ff9bfb70000 - 0x00007ff9c094d000 	C:\Users\Administrator\.jdks\azul-21.0.5\bin\server\jvm.dll
0x00007ffa9c3f0000 - 0x00007ffa9c4a1000 	C:\Windows\System32\ADVAPI32.dll
0x00007ffa9c850000 - 0x00007ffa9c8ef000 	C:\Windows\System32\sechost.dll
0x00007ffa9c220000 - 0x00007ffa9c340000 	C:\Windows\System32\RPCRT4.dll
0x00007ffa9a920000 - 0x00007ffa9a947000 	C:\Windows\System32\bcrypt.dll
0x00007ffa9c8f0000 - 0x00007ffa9c95b000 	C:\Windows\System32\WS2_32.dll
0x00007ffa91b30000 - 0x00007ffa91b57000 	C:\Windows\SYSTEM32\WINMM.dll
0x00007ffa95bb0000 - 0x00007ffa95bba000 	C:\Windows\SYSTEM32\VERSION.dll
0x00007ffa99e60000 - 0x00007ffa99eab000 	C:\Windows\SYSTEM32\POWRPROF.dll
0x00007ffa99d20000 - 0x00007ffa99d32000 	C:\Windows\SYSTEM32\UMPDC.dll
0x00007ffa99180000 - 0x00007ffa99192000 	C:\Windows\SYSTEM32\kernel.appcore.dll
0x00007ffa750f0000 - 0x00007ffa750fa000 	C:\Users\Administrator\.jdks\azul-21.0.5\bin\jimage.dll
0x00007ffa984b0000 - 0x00007ffa986b1000 	C:\Windows\SYSTEM32\DBGHELP.DLL
0x00007ffa7a630000 - 0x00007ffa7a664000 	C:\Windows\SYSTEM32\dbgcore.DLL
0x00007ffa9ac50000 - 0x00007ffa9acd2000 	C:\Windows\System32\bcryptPrimitives.dll
0x00007ffa6f850000 - 0x00007ffa6f872000 	C:\Users\Administrator\.jdks\azul-21.0.5\bin\java.dll

dbghelp: loaded successfully - version: 4.0.5 - missing functions: none
symbol engine: initialized successfully - sym options: 0x614 - pdb path: .;C:\Users\Administrator\.jdks\azul-21.0.5\bin;C:\Windows\SYSTEM32;C:\Windows\WinSxS\amd64_microsoft.windows.common-controls_6595b64144ccf1df_6.0.19041.6456_none_60b8a6cb71f64256;C:\Users\Administrator\.jdks\azul-21.0.5\bin\server

VM Arguments:
jvm_args: -Dfile.encoding=UTF-8 -Duser.country=CN -Duser.language=zh -Duser.variant 
java_command: team.dove.rigidbody.JniSmokeTest
java_class_path (initial): F:\github\dove-home-team\rigid-body\test21\build\classes\java\main;F:\github\dove-home-team\rigid-body\test21\build\resources\main
Launcher Type: SUN_STANDARD

[Global flags]
     intx CICompilerCount                          = 4                                         {product} {ergonomic}
     uint ConcGCThreads                            = 3                                         {product} {ergonomic}
     uint G1ConcRefinementThreads                  = 10                                        {product} {ergonomic}
   size_t G1HeapRegionSize                         = 2097152                                   {product} {ergonomic}
    uintx GCDrainStackTargetSize                   = 64                                        {product} {ergonomic}
   size_t InitialHeapSize                          = 268435456                                 {product} {ergonomic}
   size_t MarkStackSize                            = 4194304                                   {product} {ergonomic}
   size_t MaxHeapSize                              = 4267704320                                {product} {ergonomic}
   size_t MinHeapDeltaBytes                        = 2097152                                   {product} {ergonomic}
   size_t MinHeapSize                              = 8388608                                   {product} {ergonomic}
    uintx NonNMethodCodeHeapSize                   = 5839372                                {pd product} {ergonomic}
    uintx NonProfiledCodeHeapSize                  = 122909434                              {pd product} {ergonomic}
    uintx ProfiledCodeHeapSize                     = 122909434                              {pd product} {ergonomic}
    uintx ReservedCodeCacheSize                    = 251658240                              {pd product} {ergonomic}
     bool SegmentedCodeCache                       = true                                      {product} {ergonomic}
   size_t SoftMaxHeapSize                          = 4267704320                             {manageable} {ergonomic}
     bool UseCompressedOops                        = true                           {product lp64_product} {ergonomic}
     bool UseG1GC                                  = true                                      {product} {ergonomic}
     bool UseLargePagesIndividualAllocation        = false                                  {pd product} {ergonomic}

Logging:
Log output configuration:
 #0: stdout all=warning uptime,level,tags foldmultilines=false
 #1: stderr all=off uptime,level,tags foldmultilines=false

Environment Variables:
JAVA_HOME=C:\Program Files\Java\graalvm-jdk-17.0.10+11.1\
PATH=C:\Program Files\Java\graalvm-jdk-17.0.10+11.1\\bin;C:\Program Files\Java\graalvm-jdk-21.0.1+12.1\bin;F:\maven\apache-maven-3.9.3\bin;C:\Program Files\Eclipse Adoptium\jdk-11.0.20.7-hotspot\bin;C:\Program Files\Microsoft\jdk-17.0.7.7-hotspot\bin;C:\Program Files\Common Files\Oracle\Java\javapath;C:\Program Files (x86)\Common Files\Oracle\Java\javapath;C:\Program Files (x86)\NVIDIA Corporation\PhysX\Common;C:\ProgramData\Oracle\Java\javapath;C:\Windows\system32;C:\Windows;C:\Windows\System32\Wbem;C:\Windows\System32\WindowsPowerShell\v1.0\;C:\Windows\System32\OpenSSH\;C:\Program Files\Microsoft SQL Server\Client SDK\ODBC\110\Tools\Binn\;C:\Program Files (x86)\Microsoft SQL Server\120\Tools\Binn\;C:\Program Files\Microsoft SQL Server\120\Tools\Binn\;C:\Program Files\Microsoft SQL Server\120\DTS\Binn\;C:\Program Files\Semeru\jdk-8.0.352.8-openj9\bin;C:\Program Files (x86)\Windows Kits\8.1\Windows Performance Toolkit\;C:\Program Files\Bandizip\;C:\Program Files\curl-7.86.0_3-win64-mingw\bin;F:\Users\Administrator\AppData\Local\JetBrains\Toolbox\apps\IDEA-U\ch-0\223.8214.52\bin;F:\Prog;F:\Program Files\nodejs\;C:\Program Files (x86)\Gpg4win\..\GnuPG\bin;C:\Program Files\Git\cmd;C:\Program Files\dotnet\;C:\Windows\system32\config\systemprofile\AppData\Local\Muse Hub\lib;C:\Program Files\WireGuard\;C:\Program Files\Docker\Docker\resources\bin;C:\Program Files\NVIDIA Corporation\NVIDIA App\NvDLISR;C:\Users\Administrator\.cargo\bin;F:\Users\Administrator\AppData\Local\Programs\Python\Python311\Scripts\;F:\Users\Administrator\AppData\Local\Programs\Python\Python311\;C:\Users\Administrator\AppData\Local\Microsoft\WindowsApps;F:\Users\Administrator\AppData\Local\JetBrains\Toolbox\scripts;C:\Users\Administrator\AppData\Local\GitHubDesktop\bin;F:\Users\Administrator\AppData\Local\Programs\Microsoft VS Code\bin;C:\Users\Administrator\go\bin;F:\Program Files\JetBrains\IntelliJ IDEA 2026.1\bin;C:\Users\Administrator\.dotnet\tools;C:\Program Files (x86)\Nmap;C:\Users\Administrator\AppData\Roaming\npm;C:\Users\Administrator\AppData\Local\Muse Hub\lib;C:\Users\Administrator\AppData\Local\JetBrains\Toolbox\scripts;F:\Users\Administrator\AppData\Local\Programs\cursor\resources\app\bin;C:\Users\Administrator\AppData\Local\Programs\Windsurf\bin;C:\Users\Administrator\AppData\Local\Programs\Kiro\bin
USERNAME=Administrator
OS=Windows_NT
PROCESSOR_IDENTIFIER=Intel64 Family 6 Model 158 Stepping 10, GenuineIntel
TMP=D:\Temp\User
TEMP=D:\Temp\User




Periodic native trim disabled

---------------  S Y S T E M  ---------------

OS:
 Windows 10 , 64 bit Build 19041 (10.0.19041.5915)
OS uptime: 4 days 1:28 hours

CPU: total 12 (initial active 12) (6 cores per cpu, 2 threads per core) family 6 model 158 stepping 10 microcode 0xb4, cx8, cmov, fxsr, ht, mmx, 3dnowpref, sse, sse2, sse3, ssse3, sse4.1, sse4.2, popcnt, lzcnt, tsc, tscinvbit, avx, avx2, aes, erms, clmul, bmi1, bmi2, adx, fma, vzeroupper, clflush, clflushopt, rdtscp, f16c
Processor Information for all 12 processors :
  Max Mhz: 2201, Current Mhz: 2200, Mhz Limit: 2178

Memory: 4k page, system-wide physical 16275M (1023M free)
TotalPageFile size 46068M (AvailPageFile size 223M)
current process WorkingSet (physical memory assigned to process): 11M, peak: 11M
current process commit charge ("private bytes"): 64M, peak: 320M

vm_info: OpenJDK 64-Bit Server VM (21.0.5+11-LTS) for windows-amd64 JRE (21.0.5+11-LTS) (Zulu21.38+21-CA), built on 2024-10-11T20:45:51Z by "zulu_re" with MS VC++ 17.1 (VS2022)

END.
